0 info it worked if it ends with ok
1 verbose cli [ '/usr/bin/nodejs', '/usr/bin/npm', 'run', 'lint' ]
2 info using npm@4.1.2
3 info using node@v4.3.1
4 verbose run-script [ 'prelint', 'lint', 'postlint' ]
5 info lifecycle wining@1.0.0~prelint: wining@1.0.0
6 silly lifecycle wining@1.0.0~prelint: no script for prelint, continuing
7 info lifecycle wining@1.0.0~lint: wining@1.0.0
8 verbose lifecycle wining@1.0.0~lint: unsafe-perm in lifecycle true
9 verbose lifecycle wining@1.0.0~lint: PATH: /usr/lib/node_modules/npm/bin/node-gyp-bin:/home/martijn/Applications/wining/server/node_modules/.bin:/home/martijn/.npm-global/bin:/usr/local/sbin:/usr/local/bin:/usr/sbin:/usr/bin:/sbin:/bin:/usr/local/games:/usr/games
10 verbose lifecycle wining@1.0.0~lint: CWD: /home/martijn/Applications/wining/server
11 silly lifecycle wining@1.0.0~lint: Args: [ '-c', 'eslint --fix *.js handlers' ]
12 silly lifecycle wining@1.0.0~lint: Returned: code: 1  signal: null
13 info lifecycle wining@1.0.0~lint: Failed to exec lint script
14 verbose stack Error: wining@1.0.0 lint: `eslint --fix *.js handlers`
14 verbose stack Exit status 1
14 verbose stack     at EventEmitter.<anonymous> (/usr/lib/node_modules/npm/lib/utils/lifecycle.js:279:16)
14 verbose stack     at emitTwo (events.js:87:13)
14 verbose stack     at EventEmitter.emit (events.js:172:7)
14 verbose stack     at ChildProcess.<anonymous> (/usr/lib/node_modules/npm/lib/utils/spawn.js:40:14)
14 verbose stack     at emitTwo (events.js:87:13)
14 verbose stack     at ChildProcess.emit (events.js:172:7)
14 verbose stack     at maybeClose (internal/child_process.js:821:16)
14 verbose stack     at Process.ChildProcess._handle.onexit (internal/child_process.js:211:5)
15 verbose pkgid wining@1.0.0
16 verbose cwd /home/martijn/Applications/wining/server
17 error Linux 4.1.18-v7+
18 error argv "/usr/bin/nodejs" "/usr/bin/npm" "run" "lint"
19 error node v4.3.1
20 error npm  v4.1.2
21 error code ELIFECYCLE
22 error wining@1.0.0 lint: `eslint --fix *.js handlers`
22 error Exit status 1
23 error Failed at the wining@1.0.0 lint script 'eslint --fix *.js handlers'.
23 error Make sure you have the latest version of node.js and npm installed.
23 error If you do, this is most likely a problem with the wining package,
23 error not with npm itself.
23 error Tell the author that this fails on your system:
23 error     eslint --fix *.js handlers
23 error You can get information on how to open an issue for this project with:
23 error     npm bugs wining
23 error Or if that isn't available, you can get their info via:
23 error     npm owner ls wining
23 error There is likely additional logging output above.
24 verbose exit [ 1, true ]
